<?xml version="1.0" encoding="UTF-8"?>
<testsuite name="Job Search Test"
           tests="8"
           failures="0"
           errors="0"
           skipped="0"
           time="355.996">
  <properties />
  
  
            <testcase name="verifyJobSearchResultUsingDifferentDataSet" time="44.819" classname="uk.co.library.testsuite.JobSearchTest" />
                <testcase name="verifyJobSearchResultUsingDifferentDataSet" time="44.988" classname="uk.co.library.testsuite.JobSearchTest" />
                <testcase name="verifyJobSearchResultUsingDifferentDataSet" time="44.254" classname="uk.co.library.testsuite.JobSearchTest" />
                <testcase name="verifyJobSearchResultUsingDifferentDataSet" time="44.878" classname="uk.co.library.testsuite.JobSearchTest" />
                <testcase name="verifyJobSearchResultUsingDifferentDataSet" time="44.827" classname="uk.co.library.testsuite.JobSearchTest" />
                <testcase name="verifyJobSearchResultUsingDifferentDataSet" time="44.599" classname="uk.co.library.testsuite.JobSearchTest" />
                <testcase name="verifyJobSearchResultUsingDifferentDataSet" time="43.708" classname="uk.co.library.testsuite.JobSearchTest" />
                <testcase name="verifyJobSearchResultUsingDifferentDataSet" time="43.923" classname="uk.co.library.testsuite.JobSearchTest" />
      
</testsuite>
